2021-06-30 08:55:05.811 | INFO  | 7148 | [restartedMain] | com.hot.dev.HotDevApplication | Starting HotDevApplication on 2K30X873XY2ULWV with PID 7148 (H:\20200312springcloud\owlmail\owlmail-test\hot_devtools\target\classes started by Administrator in H:\20200312springcloud\owlmail)
2021-06-30 08:55:05.831 | INFO  | 7148 | [restartedMain] | com.hot.dev.HotDevApplication | No active profile set, falling back to default profiles: default
2021-06-30 08:55:05.871 | INFO  | 7148 | [restartedMain] | o.s.b.d.env.DevToolsPropertyDefaultsPostProcessor | Devtools property defaults active! Set 'spring.devtools.add-properties' to 'false' to disable
2021-06-30 08:55:05.871 | INFO  | 7148 | [restartedMain] | o.s.b.d.env.DevToolsPropertyDefaultsPostProcessor | For additional web related logging consider setting the 'logging.level.web' property to 'DEBUG'
2021-06-30 08:55:06.671 | INFO  | 7148 | [restartedMain] | o.s.boot.web.embedded.tomcat.TomcatWebServer | Tomcat initialized with port(s): 8080 (http)
2021-06-30 08:55:06.678 | INFO  | 7148 | [restartedMain] | org.apache.coyote.http11.Http11NioProtocol | Initializing ProtocolHandler ["http-nio-8080"]
2021-06-30 08:55:06.678 | INFO  | 7148 | [restartedMain] | org.apache.catalina.core.StandardService | Starting service [Tomcat]
2021-06-30 08:55:06.679 | INFO  | 7148 | [restartedMain] | org.apache.catalina.core.StandardEngine | Starting Servlet engine: [Apache Tomcat/9.0.41]
2021-06-30 08:55:06.728 | INFO  | 7148 | [restartedMain] | o.a.c.core.ContainerBase.[Tomcat].[localhost].[/] | Initializing Spring embedded WebApplicationContext
2021-06-30 08:55:06.728 | INFO  | 7148 | [restartedMain] | o.s.b.w.s.c.ServletWebServerApplicationContext | Root WebApplicationContext: initialization completed in 856 ms
2021-06-30 08:55:06.843 | INFO  | 7148 | [restartedMain] | o.s.scheduling.concurrent.ThreadPoolTaskExecutor | Initializing ExecutorService 'applicationTaskExecutor'
2021-06-30 08:55:06.937 | INFO  | 7148 | [restartedMain] | o.s.b.d.autoconfigure.OptionalLiveReloadServer | LiveReload server is running on port 35729
2021-06-30 08:55:06.946 | INFO  | 7148 | [restartedMain] | org.apache.coyote.http11.Http11NioProtocol | Starting ProtocolHandler ["http-nio-8080"]
2021-06-30 08:55:06.961 | INFO  | 7148 | [restartedMain] | o.s.boot.web.embedded.tomcat.TomcatWebServer | Tomcat started on port(s): 8080 (http) with context path ''
2021-06-30 08:55:06.969 | INFO  | 7148 | [restartedMain] | com.hot.dev.HotDevApplication | Started HotDevApplication in 1.729 seconds (JVM running for 2.342)
2021-06-30 08:58:01.713 | INFO  | 3220 | [restartedMain] | com.hot.dev.HotDevApplication - Starting HotDevApplication on 2K30X873XY2ULWV with PID 3220 (H:\20200312springcloud\owlmail\owlmail-test\hot_devtools\target\classes started by Administrator in H:\20200312springcloud\owlmail)
2021-06-30 08:58:01.716 | INFO  | 3220 | [restartedMain] | com.hot.dev.HotDevApplication - No active profile set, falling back to default profiles: default
2021-06-30 08:58:01.765 | INFO  | 3220 | [restartedMain] | o.s.b.d.env.DevToolsPropertyDefaultsPostProcessor - Devtools property defaults active! Set 'spring.devtools.add-properties' to 'false' to disable
2021-06-30 08:58:01.765 | INFO  | 3220 | [restartedMain] | o.s.b.d.env.DevToolsPropertyDefaultsPostProcessor - For additional web related logging consider setting the 'logging.level.web' property to 'DEBUG'
2021-06-30 08:58:02.459 | INFO  | 3220 | [restartedMain] | o.s.boot.web.embedded.tomcat.TomcatWebServer - Tomcat initialized with port(s): 8080 (http)
2021-06-30 08:58:02.465 | INFO  | 3220 | [restartedMain] | org.apache.coyote.http11.Http11NioProtocol - Initializing ProtocolHandler ["http-nio-8080"]
2021-06-30 08:58:02.466 | INFO  | 3220 | [restartedMain] | org.apache.catalina.core.StandardService - Starting service [Tomcat]
2021-06-30 08:58:02.466 | INFO  | 3220 | [restartedMain] | org.apache.catalina.core.StandardEngine - Starting Servlet engine: [Apache Tomcat/9.0.41]
2021-06-30 08:58:02.518 | INFO  | 3220 | [restartedMain] | o.a.c.core.ContainerBase.[Tomcat].[localhost].[/] - Initializing Spring embedded WebApplicationContext
2021-06-30 08:58:02.518 | INFO  | 3220 | [restartedMain] | o.s.b.w.s.c.ServletWebServerApplicationContext - Root WebApplicationContext: initialization completed in 753 ms
2021-06-30 08:58:02.654 | INFO  | 3220 | [restartedMain] | o.s.scheduling.concurrent.ThreadPoolTaskExecutor - Initializing ExecutorService 'applicationTaskExecutor'
2021-06-30 08:58:02.763 | INFO  | 3220 | [restartedMain] | o.s.b.d.autoconfigure.OptionalLiveReloadServer - LiveReload server is running on port 35729
2021-06-30 08:58:02.772 | INFO  | 3220 | [restartedMain] | org.apache.coyote.http11.Http11NioProtocol - Starting ProtocolHandler ["http-nio-8080"]
2021-06-30 08:58:02.787 | INFO  | 3220 | [restartedMain] | o.s.boot.web.embedded.tomcat.TomcatWebServer - Tomcat started on port(s): 8080 (http) with context path ''
2021-06-30 08:58:02.796 | INFO  | 3220 | [restartedMain] | com.hot.dev.HotDevApplication - Started HotDevApplication in 1.483 seconds (JVM running for 2.051)
2021-06-30 09:01:46.081 | INFO  | 10312 | [restartedMain] | com.hot.dev.HotDevApplication - Starting HotDevApplication on 2K30X873XY2ULWV with PID 10312 (H:\20200312springcloud\owlmail\owlmail-test\hot_devtools\target\classes started by Administrator in H:\20200312springcloud\owlmail)
2021-06-30 09:01:46.084 | INFO  | 10312 | [restartedMain] | com.hot.dev.HotDevApplication - No active profile set, falling back to default profiles: default
2021-06-30 09:01:46.126 | INFO  | 10312 | [restartedMain] | o.s.b.d.env.DevToolsPropertyDefaultsPostProcessor - Devtools property defaults active! Set 'spring.devtools.add-properties' to 'false' to disable
2021-06-30 09:01:46.126 | INFO  | 10312 | [restartedMain] | o.s.b.d.env.DevToolsPropertyDefaultsPostProcessor - For additional web related logging consider setting the 'logging.level.web' property to 'DEBUG'
2021-06-30 09:01:46.766 | INFO  | 10312 | [restartedMain] | o.s.boot.web.embedded.tomcat.TomcatWebServer - Tomcat initialized with port(s): 8080 (http)
2021-06-30 09:01:46.773 | INFO  | 10312 | [restartedMain] | org.apache.coyote.http11.Http11NioProtocol - Initializing ProtocolHandler ["http-nio-8080"]
2021-06-30 09:01:46.774 | INFO  | 10312 | [restartedMain] | org.apache.catalina.core.StandardService - Starting service [Tomcat]
2021-06-30 09:01:46.774 | INFO  | 10312 | [restartedMain] | org.apache.catalina.core.StandardEngine - Starting Servlet engine: [Apache Tomcat/9.0.41]
2021-06-30 09:01:46.825 | INFO  | 10312 | [restartedMain] | o.a.c.core.ContainerBase.[Tomcat].[localhost].[/] - Initializing Spring embedded WebApplicationContext
2021-06-30 09:01:46.825 | INFO  | 10312 | [restartedMain] | o.s.b.w.s.c.ServletWebServerApplicationContext - Root WebApplicationContext: initialization completed in 698 ms
2021-06-30 09:01:46.946 | INFO  | 10312 | [restartedMain] | o.s.scheduling.concurrent.ThreadPoolTaskExecutor - Initializing ExecutorService 'applicationTaskExecutor'
2021-06-30 09:01:47.039 | INFO  | 10312 | [restartedMain] | o.s.b.d.autoconfigure.OptionalLiveReloadServer - LiveReload server is running on port 35729
2021-06-30 09:01:47.048 | INFO  | 10312 | [restartedMain] | org.apache.coyote.http11.Http11NioProtocol - Starting ProtocolHandler ["http-nio-8080"]
2021-06-30 09:01:47.062 | INFO  | 10312 | [restartedMain] | o.s.boot.web.embedded.tomcat.TomcatWebServer - Tomcat started on port(s): 8080 (http) with context path ''
2021-06-30 09:01:47.070 | INFO  | 10312 | [restartedMain] | com.hot.dev.HotDevApplication - Started HotDevApplication in 1.364 seconds (JVM running for 1.927)
2021-06-30 09:05:14.181 | INFO  | 4252 | [restartedMain] | com.hot.dev.HotDevApplication | [55] -Starting HotDevApplication on 2K30X873XY2ULWV with PID 4252 (H:\20200312springcloud\owlmail\owlmail-test\hot_devtools\target\classes started by Administrator in H:\20200312springcloud\owlmail)
2021-06-30 09:05:14.184 | INFO  | 4252 | [restartedMain] | com.hot.dev.HotDevApplication | [651] -No active profile set, falling back to default profiles: default
2021-06-30 09:05:14.232 | INFO  | 4252 | [restartedMain] | o.s.b.d.env.DevToolsPropertyDefaultsPostProcessor | [225] -Devtools property defaults active! Set 'spring.devtools.add-properties' to 'false' to disable
2021-06-30 09:05:14.233 | INFO  | 4252 | [restartedMain] | o.s.b.d.env.DevToolsPropertyDefaultsPostProcessor | [225] -For additional web related logging consider setting the 'logging.level.web' property to 'DEBUG'
2021-06-30 09:05:14.909 | INFO  | 4252 | [restartedMain] | o.s.boot.web.embedded.tomcat.TomcatWebServer | [108] -Tomcat initialized with port(s): 8080 (http)
2021-06-30 09:05:14.917 | INFO  | 4252 | [restartedMain] | org.apache.coyote.http11.Http11NioProtocol | [173] -Initializing ProtocolHandler ["http-nio-8080"]
2021-06-30 09:05:14.917 | INFO  | 4252 | [restartedMain] | org.apache.catalina.core.StandardService | [173] -Starting service [Tomcat]
2021-06-30 09:05:14.917 | INFO  | 4252 | [restartedMain] | org.apache.catalina.core.StandardEngine | [173] -Starting Servlet engine: [Apache Tomcat/9.0.41]
2021-06-30 09:05:14.968 | INFO  | 4252 | [restartedMain] | o.a.c.core.ContainerBase.[Tomcat].[localhost].[/] | [173] -Initializing Spring embedded WebApplicationContext
2021-06-30 09:05:14.968 | INFO  | 4252 | [restartedMain] | o.s.b.w.s.c.ServletWebServerApplicationContext | [285] -Root WebApplicationContext: initialization completed in 735 ms
2021-06-30 09:05:15.087 | INFO  | 4252 | [restartedMain] | o.s.scheduling.concurrent.ThreadPoolTaskExecutor | [181] -Initializing ExecutorService 'applicationTaskExecutor'
2021-06-30 09:05:15.186 | INFO  | 4252 | [restartedMain] | o.s.b.d.autoconfigure.OptionalLiveReloadServer | [58] -LiveReload server is running on port 35729
2021-06-30 09:05:15.195 | INFO  | 4252 | [restartedMain] | org.apache.coyote.http11.Http11NioProtocol | [173] -Starting ProtocolHandler ["http-nio-8080"]
2021-06-30 09:05:15.210 | INFO  | 4252 | [restartedMain] | o.s.boot.web.embedded.tomcat.TomcatWebServer | [220] -Tomcat started on port(s): 8080 (http) with context path ''
2021-06-30 09:05:15.218 | INFO  | 4252 | [restartedMain] | com.hot.dev.HotDevApplication | [61] -Started HotDevApplication in 1.408 seconds (JVM running for 1.941)
2021-06-30 09:05:29.907 | INFO  | 6628 | [restartedMain] | com.hot.dev.HotDevApplication | 55 -Starting HotDevApplication on 2K30X873XY2ULWV with PID 6628 (H:\20200312springcloud\owlmail\owlmail-test\hot_devtools\target\classes started by Administrator in H:\20200312springcloud\owlmail)
2021-06-30 09:05:29.910 | INFO  | 6628 | [restartedMain] | com.hot.dev.HotDevApplication | 651 -No active profile set, falling back to default profiles: default
2021-06-30 09:05:29.948 | INFO  | 6628 | [restartedMain] | o.s.b.d.env.DevToolsPropertyDefaultsPostProcessor | 225 -Devtools property defaults active! Set 'spring.devtools.add-properties' to 'false' to disable
2021-06-30 09:05:29.949 | INFO  | 6628 | [restartedMain] | o.s.b.d.env.DevToolsPropertyDefaultsPostProcessor | 225 -For additional web related logging consider setting the 'logging.level.web' property to 'DEBUG'
2021-06-30 09:05:30.652 | INFO  | 6628 | [restartedMain] | o.s.boot.web.embedded.tomcat.TomcatWebServer | 108 -Tomcat initialized with port(s): 8080 (http)
2021-06-30 09:05:30.659 | INFO  | 6628 | [restartedMain] | org.apache.coyote.http11.Http11NioProtocol | 173 -Initializing ProtocolHandler ["http-nio-8080"]
2021-06-30 09:05:30.660 | INFO  | 6628 | [restartedMain] | org.apache.catalina.core.StandardService | 173 -Starting service [Tomcat]
2021-06-30 09:05:30.660 | INFO  | 6628 | [restartedMain] | org.apache.catalina.core.StandardEngine | 173 -Starting Servlet engine: [Apache Tomcat/9.0.41]
2021-06-30 09:05:30.712 | INFO  | 6628 | [restartedMain] | o.a.c.core.ContainerBase.[Tomcat].[localhost].[/] | 173 -Initializing Spring embedded WebApplicationContext
2021-06-30 09:05:30.713 | INFO  | 6628 | [restartedMain] | o.s.b.w.s.c.ServletWebServerApplicationContext | 285 -Root WebApplicationContext: initialization completed in 764 ms
2021-06-30 09:05:30.835 | INFO  | 6628 | [restartedMain] | o.s.scheduling.concurrent.ThreadPoolTaskExecutor | 181 -Initializing ExecutorService 'applicationTaskExecutor'
2021-06-30 09:05:30.930 | INFO  | 6628 | [restartedMain] | o.s.b.d.autoconfigure.OptionalLiveReloadServer | 58 -LiveReload server is running on port 35729
2021-06-30 09:05:30.940 | INFO  | 6628 | [restartedMain] | org.apache.coyote.http11.Http11NioProtocol | 173 -Starting ProtocolHandler ["http-nio-8080"]
2021-06-30 09:05:30.955 | INFO  | 6628 | [restartedMain] | o.s.boot.web.embedded.tomcat.TomcatWebServer | 220 -Tomcat started on port(s): 8080 (http) with context path ''
2021-06-30 09:05:30.963 | INFO  | 6628 | [restartedMain] | com.hot.dev.HotDevApplication | 61 -Started HotDevApplication in 1.455 seconds (JVM running for 2.009)
2021-06-30 09:06:48.515 | INFO  | 11832 | [restartedMain] | [com.hot.dev.HotDevApplication] | 55 -Starting HotDevApplication on 2K30X873XY2ULWV with PID 11832 (H:\20200312springcloud\owlmail\owlmail-test\hot_devtools\target\classes started by Administrator in H:\20200312springcloud\owlmail)
2021-06-30 09:06:48.519 | INFO  | 11832 | [restartedMain] | [com.hot.dev.HotDevApplication] | 651 -No active profile set, falling back to default profiles: default
2021-06-30 09:06:48.557 | INFO  | 11832 | [restartedMain] | [o.s.b.d.env.DevToolsPropertyDefaultsPostProcessor] | 225 -Devtools property defaults active! Set 'spring.devtools.add-properties' to 'false' to disable
2021-06-30 09:06:48.558 | INFO  | 11832 | [restartedMain] | [o.s.b.d.env.DevToolsPropertyDefaultsPostProcessor] | 225 -For additional web related logging consider setting the 'logging.level.web' property to 'DEBUG'
2021-06-30 09:06:49.188 | INFO  | 11832 | [restartedMain] | [o.s.boot.web.embedded.tomcat.TomcatWebServer] | 108 -Tomcat initialized with port(s): 8080 (http)
2021-06-30 09:06:49.194 | INFO  | 11832 | [restartedMain] | [org.apache.coyote.http11.Http11NioProtocol] | 173 -Initializing ProtocolHandler ["http-nio-8080"]
2021-06-30 09:06:49.195 | INFO  | 11832 | [restartedMain] | [org.apache.catalina.core.StandardService] | 173 -Starting service [Tomcat]
2021-06-30 09:06:49.195 | INFO  | 11832 | [restartedMain] | [org.apache.catalina.core.StandardEngine] | 173 -Starting Servlet engine: [Apache Tomcat/9.0.41]
2021-06-30 09:06:49.247 | INFO  | 11832 | [restartedMain] | [o.a.c.core.ContainerBase.[Tomcat].[localhost].[/]] | 173 -Initializing Spring embedded WebApplicationContext
2021-06-30 09:06:49.248 | INFO  | 11832 | [restartedMain] | [o.s.b.w.s.c.ServletWebServerApplicationContext] | 285 -Root WebApplicationContext: initialization completed in 690 ms
2021-06-30 09:06:49.372 | INFO  | 11832 | [restartedMain] | [o.s.scheduling.concurrent.ThreadPoolTaskExecutor] | 181 -Initializing ExecutorService 'applicationTaskExecutor'
2021-06-30 09:06:49.471 | INFO  | 11832 | [restartedMain] | [o.s.b.d.autoconfigure.OptionalLiveReloadServer] | 58 -LiveReload server is running on port 35729
2021-06-30 09:06:49.481 | INFO  | 11832 | [restartedMain] | [org.apache.coyote.http11.Http11NioProtocol] | 173 -Starting ProtocolHandler ["http-nio-8080"]
2021-06-30 09:06:49.497 | INFO  | 11832 | [restartedMain] | [o.s.boot.web.embedded.tomcat.TomcatWebServer] | 220 -Tomcat started on port(s): 8080 (http) with context path ''
2021-06-30 09:06:49.504 | INFO  | 11832 | [restartedMain] | [com.hot.dev.HotDevApplication] | 61 -Started HotDevApplication in 1.375 seconds (JVM running for 1.931)
[2021-06-30 09:09:35.501][restartedMain][com.hot.dev.HotDevApplication:55] Starting HotDevApplication on 2K30X873XY2ULWV with PID 8888 (H:\20200312springcloud\owlmail\owlmail-test\hot_devtools\target\classes started by Administrator in H:\20200312springcloud\owlmail)
[2021-06-30 09:09:35.503][restartedMain][com.hot.dev.HotDevApplication:651] No active profile set, falling back to default profiles: default
[2021-06-30 09:09:35.548][restartedMain][org.springframework.boot.devtools.env.DevToolsPropertyDefaultsPostProcessor:225] Devtools property defaults active! Set 'spring.devtools.add-properties' to 'false' to disable
[2021-06-30 09:09:35.549][restartedMain][org.springframework.boot.devtools.env.DevToolsPropertyDefaultsPostProcessor:225] For additional web related logging consider setting the 'logging.level.web' property to 'DEBUG'
[2021-06-30 09:09:36.207][restartedMain][org.springframework.boot.web.embedded.tomcat.TomcatWebServer:108] Tomcat initialized with port(s): 8080 (http)
[2021-06-30 09:09:36.215][restartedMain][org.apache.coyote.http11.Http11NioProtocol:173] Initializing ProtocolHandler ["http-nio-8080"]
[2021-06-30 09:09:36.215][restartedMain][org.apache.catalina.core.StandardService:173] Starting service [Tomcat]
[2021-06-30 09:09:36.216][restartedMain][org.apache.catalina.core.StandardEngine:173] Starting Servlet engine: [Apache Tomcat/9.0.41]
[2021-06-30 09:09:36.270][restartedMain][org.apache.catalina.core.ContainerBase.[Tomcat].[localhost].[/]:173] Initializing Spring embedded WebApplicationContext
[2021-06-30 09:09:36.270][restartedMain][org.springframework.boot.web.servlet.context.ServletWebServerApplicationContext:285] Root WebApplicationContext: initialization completed in 720 ms
[2021-06-30 09:09:36.395][restartedMain][org.springframework.scheduling.concurrent.ThreadPoolTaskExecutor:181] Initializing ExecutorService 'applicationTaskExecutor'
[2021-06-30 09:09:36.493][restartedMain][org.springframework.boot.devtools.autoconfigure.OptionalLiveReloadServer:58] LiveReload server is running on port 35729
[2021-06-30 09:09:36.502][restartedMain][org.apache.coyote.http11.Http11NioProtocol:173] Starting ProtocolHandler ["http-nio-8080"]
[2021-06-30 09:09:36.517][restartedMain][org.springframework.boot.web.embedded.tomcat.TomcatWebServer:220] Tomcat started on port(s): 8080 (http) with context path ''
[2021-06-30 09:09:36.525][restartedMain][com.hot.dev.HotDevApplication:61] Started HotDevApplication in 1.4 seconds (JVM running for 1.972)
2021-06-30 09:09:55.769 | INFO  | 11568 | [restartedMain] | [com.hot.dev.HotDevApplication] | 55 -Starting HotDevApplication on 2K30X873XY2ULWV with PID 11568 (H:\20200312springcloud\owlmail\owlmail-test\hot_devtools\target\classes started by Administrator in H:\20200312springcloud\owlmail)
2021-06-30 09:09:55.771 | INFO  | 11568 | [restartedMain] | [com.hot.dev.HotDevApplication] | 651 -No active profile set, falling back to default profiles: default
2021-06-30 09:09:55.808 | INFO  | 11568 | [restartedMain] | [o.s.b.d.env.DevToolsPropertyDefaultsPostProcessor] | 225 -Devtools property defaults active! Set 'spring.devtools.add-properties' to 'false' to disable
2021-06-30 09:09:55.808 | INFO  | 11568 | [restartedMain] | [o.s.b.d.env.DevToolsPropertyDefaultsPostProcessor] | 225 -For additional web related logging consider setting the 'logging.level.web' property to 'DEBUG'
2021-06-30 09:09:56.467 | INFO  | 11568 | [restartedMain] | [o.s.boot.web.embedded.tomcat.TomcatWebServer] | 108 -Tomcat initialized with port(s): 8080 (http)
2021-06-30 09:09:56.473 | INFO  | 11568 | [restartedMain] | [org.apache.coyote.http11.Http11NioProtocol] | 173 -Initializing ProtocolHandler ["http-nio-8080"]
2021-06-30 09:09:56.475 | INFO  | 11568 | [restartedMain] | [org.apache.catalina.core.StandardService] | 173 -Starting service [Tomcat]
2021-06-30 09:09:56.475 | INFO  | 11568 | [restartedMain] | [org.apache.catalina.core.StandardEngine] | 173 -Starting Servlet engine: [Apache Tomcat/9.0.41]
2021-06-30 09:09:56.529 | INFO  | 11568 | [restartedMain] | [o.a.c.core.ContainerBase.[Tomcat].[localhost].[/]] | 173 -Initializing Spring embedded WebApplicationContext
2021-06-30 09:09:56.530 | INFO  | 11568 | [restartedMain] | [o.s.b.w.s.c.ServletWebServerApplicationContext] | 285 -Root WebApplicationContext: initialization completed in 721 ms
2021-06-30 09:09:56.669 | INFO  | 11568 | [restartedMain] | [o.s.scheduling.concurrent.ThreadPoolTaskExecutor] | 181 -Initializing ExecutorService 'applicationTaskExecutor'
2021-06-30 09:09:56.773 | INFO  | 11568 | [restartedMain] | [o.s.b.d.autoconfigure.OptionalLiveReloadServer] | 58 -LiveReload server is running on port 35729
2021-06-30 09:09:56.783 | INFO  | 11568 | [restartedMain] | [org.apache.coyote.http11.Http11NioProtocol] | 173 -Starting ProtocolHandler ["http-nio-8080"]
2021-06-30 09:09:56.798 | INFO  | 11568 | [restartedMain] | [o.s.boot.web.embedded.tomcat.TomcatWebServer] | 220 -Tomcat started on port(s): 8080 (http) with context path ''
2021-06-30 09:09:56.806 | INFO  | 11568 | [restartedMain] | [com.hot.dev.HotDevApplication] | 61 -Started HotDevApplication in 1.431 seconds (JVM running for 1.972)
2021-06-30 09:12:14.687 INFO  --- [restartedMain] com.hot.dev.HotDevApplication - Starting HotDevApplication on 2K30X873XY2ULWV with PID 12936 (H:\20200312springcloud\owlmail\owlmail-test\hot_devtools\target\classes started by Administrator in H:\20200312springcloud\owlmail)
2021-06-30 09:12:14.687 INFO  --- [restartedMain] com.hot.dev.HotDevApplication - No active profile set, falling back to default profiles: default
2021-06-30 09:12:14.737 INFO  --- [restartedMain] o.s.b.d.env.DevToolsPropertyDefaultsPostProcessor - Devtools property defaults active! Set 'spring.devtools.add-properties' to 'false' to disable
2021-06-30 09:12:14.737 INFO  --- [restartedMain] o.s.b.d.env.DevToolsPropertyDefaultsPostProcessor - For additional web related logging consider setting the 'logging.level.web' property to 'DEBUG'
2021-06-30 09:12:15.397 INFO  --- [restartedMain] o.s.boot.web.embedded.tomcat.TomcatWebServer - Tomcat initialized with port(s): 8080 (http)
2021-06-30 09:12:15.407 INFO  --- [restartedMain] org.apache.coyote.http11.Http11NioProtocol - Initializing ProtocolHandler ["http-nio-8080"]
2021-06-30 09:12:15.407 INFO  --- [restartedMain] org.apache.catalina.core.StandardService - Starting service [Tomcat]
2021-06-30 09:12:15.407 INFO  --- [restartedMain] org.apache.catalina.core.StandardEngine - Starting Servlet engine: [Apache Tomcat/9.0.41]
2021-06-30 09:12:15.457 INFO  --- [restartedMain] o.a.c.core.ContainerBase.[Tomcat].[localhost].[/] - Initializing Spring embedded WebApplicationContext
2021-06-30 09:12:15.457 INFO  --- [restartedMain] o.s.b.w.s.c.ServletWebServerApplicationContext - Root WebApplicationContext: initialization completed in 720 ms
2021-06-30 09:12:15.587 INFO  --- [restartedMain] o.s.scheduling.concurrent.ThreadPoolTaskExecutor - Initializing ExecutorService 'applicationTaskExecutor'
2021-06-30 09:12:15.697 INFO  --- [restartedMain] o.s.b.d.autoconfigure.OptionalLiveReloadServer - LiveReload server is running on port 35729
2021-06-30 09:12:15.707 INFO  --- [restartedMain] org.apache.coyote.http11.Http11NioProtocol - Starting ProtocolHandler ["http-nio-8080"]
2021-06-30 09:12:15.727 INFO  --- [restartedMain] o.s.boot.web.embedded.tomcat.TomcatWebServer - Tomcat started on port(s): 8080 (http) with context path ''
2021-06-30 09:12:15.737 INFO  --- [restartedMain] com.hot.dev.HotDevApplication - Started HotDevApplication in 1.402 seconds (JVM running for 1.944)
2021-06-30 09:17:06.474  INFO [  restartedMain] [           com.hot.dev.HotDevApplication] [logStarting,55] : Starting HotDevApplication on 2K30X873XY2ULWV with PID 13168 (H:\20200312springcloud\owlmail\owlmail-test\hot_devtools\target\classes started by Administrator in H:\20200312springcloud\owlmail)
2021-06-30 09:17:06.478  INFO [  restartedMain] [           com.hot.dev.HotDevApplication] [logStartupProfileInfo,651] : No active profile set, falling back to default profiles: default
2021-06-30 09:17:06.522  INFO [  restartedMain] [.e.DevToolsPropertyDefaultsPostProcessor] [     logTo,225] : Devtools property defaults active! Set 'spring.devtools.add-properties' to 'false' to disable
2021-06-30 09:17:06.522  INFO [  restartedMain] [.e.DevToolsPropertyDefaultsPostProcessor] [     logTo,225] : For additional web related logging consider setting the 'logging.level.web' property to 'DEBUG'
2021-06-30 09:17:07.168  INFO [  restartedMain] [ o.s.b.w.embedded.tomcat.TomcatWebServer] [initialize,108] : Tomcat initialized with port(s): 8080 (http)
2021-06-30 09:17:07.175  INFO [  restartedMain] [o.apache.coyote.http11.Http11NioProtocol] [       log,173] : Initializing ProtocolHandler ["http-nio-8080"]
2021-06-30 09:17:07.176  INFO [  restartedMain] [org.apache.catalina.core.StandardService] [       log,173] : Starting service [Tomcat]
2021-06-30 09:17:07.176  INFO [  restartedMain] [ org.apache.catalina.core.StandardEngine] [       log,173] : Starting Servlet engine: [Apache Tomcat/9.0.41]
2021-06-30 09:17:07.234  INFO [  restartedMain] [      o.a.c.c.C.[Tomcat].[localhost].[/]] [       log,173] : Initializing Spring embedded WebApplicationContext
2021-06-30 09:17:07.234  INFO [  restartedMain] [w.s.c.ServletWebServerApplicationContext] [prepareWebApplicationContext,285] : Root WebApplicationContext: initialization completed in 711 ms
2021-06-30 09:17:07.373  INFO [  restartedMain] [ o.s.s.concurrent.ThreadPoolTaskExecutor] [initialize,181] : Initializing ExecutorService 'applicationTaskExecutor'
2021-06-30 09:17:07.470  INFO [  restartedMain] [      o.s.b.d.a.OptionalLiveReloadServer] [startServer,58] : LiveReload server is running on port 35729
2021-06-30 09:17:07.480  INFO [  restartedMain] [o.apache.coyote.http11.Http11NioProtocol] [       log,173] : Starting ProtocolHandler ["http-nio-8080"]
2021-06-30 09:17:07.494  INFO [  restartedMain] [ o.s.b.w.embedded.tomcat.TomcatWebServer] [     start,220] : Tomcat started on port(s): 8080 (http) with context path ''
2021-06-30 09:17:07.502  INFO [  restartedMain] [           com.hot.dev.HotDevApplication] [logStarted,61] : Started HotDevApplication in 1.425 seconds (JVM running for 1.967)
2021-06-30 09:19:02.739  INFO [  restartedMain] [                     com.hot.dev.HotDevApplication] [logStarting,55] : Starting HotDevApplication on 2K30X873XY2ULWV with PID 8876 (H:\20200312springcloud\owlmail\owlmail-test\hot_devtools\target\classes started by Administrator in H:\20200312springcloud\owlmail)
2021-06-30 09:19:02.743  INFO [  restartedMain] [                     com.hot.dev.HotDevApplication] [logStartupProfileInfo,651] : No active profile set, falling back to default profiles: default
2021-06-30 09:19:02.782  INFO [  restartedMain] [nv.DevToolsPropertyDefaultsPostProcessor] [     logTo,225] : Devtools property defaults active! Set 'spring.devtools.add-properties' to 'false' to disable
2021-06-30 09:19:02.783  INFO [  restartedMain] [nv.DevToolsPropertyDefaultsPostProcessor] [     logTo,225] : For additional web related logging consider setting the 'logging.level.web' property to 'DEBUG'
2021-06-30 09:19:03.465  INFO [  restartedMain] [boot.web.embedded.tomcat.TomcatWebServer] [initialize,108] : Tomcat initialized with port(s): 8080 (http)
2021-06-30 09:19:03.472  INFO [  restartedMain] [g.apache.coyote.http11.Http11NioProtocol] [       log,173] : Initializing ProtocolHandler ["http-nio-8080"]
2021-06-30 09:19:03.472  INFO [  restartedMain] [          org.apache.catalina.core.StandardService] [       log,173] : Starting service [Tomcat]
2021-06-30 09:19:03.473  INFO [  restartedMain] [           org.apache.catalina.core.StandardEngine] [       log,173] : Starting Servlet engine: [Apache Tomcat/9.0.41]
2021-06-30 09:19:03.523  INFO [  restartedMain] [e.ContainerBase.[Tomcat].[localhost].[/]] [       log,173] : Initializing Spring embedded WebApplicationContext
2021-06-30 09:19:03.523  INFO [  restartedMain] [w.s.c.ServletWebServerApplicationContext] [prepareWebApplicationContext,285] : Root WebApplicationContext: initialization completed in 740 ms
2021-06-30 09:19:03.634  INFO [  restartedMain] [duling.concurrent.ThreadPoolTaskExecutor] [initialize,181] : Initializing ExecutorService 'applicationTaskExecutor'
2021-06-30 09:19:03.726  INFO [  restartedMain] [d.autoconfigure.OptionalLiveReloadServer] [startServer,58] : LiveReload server is running on port 35729
2021-06-30 09:19:03.736  INFO [  restartedMain] [g.apache.coyote.http11.Http11NioProtocol] [       log,173] : Starting ProtocolHandler ["http-nio-8080"]
2021-06-30 09:19:03.751  INFO [  restartedMain] [boot.web.embedded.tomcat.TomcatWebServer] [     start,220] : Tomcat started on port(s): 8080 (http) with context path ''
2021-06-30 09:19:03.759  INFO [  restartedMain] [                     com.hot.dev.HotDevApplication] [logStarted,61] : Started HotDevApplication in 1.404 seconds (JVM running for 1.961)
2021-06-30 09:19:25.781  INFO [  restartedMain] [                     com.hot.dev.HotDevApplication] [logStarting,55] : Starting HotDevApplication on 2K30X873XY2ULWV with PID 8100 (H:\20200312springcloud\owlmail\owlmail-test\hot_devtools\target\classes started by Administrator in H:\20200312springcloud\owlmail)
2021-06-30 09:19:25.784  INFO [  restartedMain] [                     com.hot.dev.HotDevApplication] [logStartupProfileInfo,651] : No active profile set, falling back to default profiles: default
2021-06-30 09:19:25.817  INFO [  restartedMain] [ o.s.b.d.env.DevToolsPropertyDefaultsPostProcessor] [     logTo,225] : Devtools property defaults active! Set 'spring.devtools.add-properties' to 'false' to disable
2021-06-30 09:19:25.818  INFO [  restartedMain] [ o.s.b.d.env.DevToolsPropertyDefaultsPostProcessor] [     logTo,225] : For additional web related logging consider setting the 'logging.level.web' property to 'DEBUG'
2021-06-30 09:19:26.432  INFO [  restartedMain] [      o.s.boot.web.embedded.tomcat.TomcatWebServer] [initialize,108] : Tomcat initialized with port(s): 8080 (http)
2021-06-30 09:19:26.439  INFO [  restartedMain] [        org.apache.coyote.http11.Http11NioProtocol] [       log,173] : Initializing ProtocolHandler ["http-nio-8080"]
2021-06-30 09:19:26.439  INFO [  restartedMain] [          org.apache.catalina.core.StandardService] [       log,173] : Starting service [Tomcat]
2021-06-30 09:19:26.440  INFO [  restartedMain] [           org.apache.catalina.core.StandardEngine] [       log,173] : Starting Servlet engine: [Apache Tomcat/9.0.41]
2021-06-30 09:19:26.489  INFO [  restartedMain] [ o.a.c.core.ContainerBase.[Tomcat].[localhost].[/]] [       log,173] : Initializing Spring embedded WebApplicationContext
2021-06-30 09:19:26.490  INFO [  restartedMain] [    o.s.b.w.s.c.ServletWebServerApplicationContext] [prepareWebApplicationContext,285] : Root WebApplicationContext: initialization completed in 671 ms
2021-06-30 09:19:26.602  INFO [  restartedMain] [  o.s.scheduling.concurrent.ThreadPoolTaskExecutor] [initialize,181] : Initializing ExecutorService 'applicationTaskExecutor'
2021-06-30 09:19:26.694  INFO [  restartedMain] [    o.s.b.d.autoconfigure.OptionalLiveReloadServer] [startServer,58] : LiveReload server is running on port 35729
2021-06-30 09:19:26.703  INFO [  restartedMain] [        org.apache.coyote.http11.Http11NioProtocol] [       log,173] : Starting ProtocolHandler ["http-nio-8080"]
2021-06-30 09:19:26.718  INFO [  restartedMain] [      o.s.boot.web.embedded.tomcat.TomcatWebServer] [     start,220] : Tomcat started on port(s): 8080 (http) with context path ''
2021-06-30 09:19:26.727  INFO [  restartedMain] [                     com.hot.dev.HotDevApplication] [logStarted,61] : Started HotDevApplication in 1.336 seconds (JVM running for 1.878)
2021-06-30 09:19:58.576  INFO [  restartedMain] [                     com.hot.dev.HotDevApplication] [                                       logStarting,55] : Starting HotDevApplication on 2K30X873XY2ULWV with PID 5104 (H:\20200312springcloud\owlmail\owlmail-test\hot_devtools\target\classes started by Administrator in H:\20200312springcloud\owlmail)
2021-06-30 09:19:58.579  INFO [  restartedMain] [                     com.hot.dev.HotDevApplication] [                             logStartupProfileInfo,651] : No active profile set, falling back to default profiles: default
2021-06-30 09:19:58.625  INFO [  restartedMain] [ o.s.b.d.env.DevToolsPropertyDefaultsPostProcessor] [                                             logTo,225] : Devtools property defaults active! Set 'spring.devtools.add-properties' to 'false' to disable
2021-06-30 09:19:58.625  INFO [  restartedMain] [ o.s.b.d.env.DevToolsPropertyDefaultsPostProcessor] [                                             logTo,225] : For additional web related logging consider setting the 'logging.level.web' property to 'DEBUG'
2021-06-30 09:19:59.275  INFO [  restartedMain] [      o.s.boot.web.embedded.tomcat.TomcatWebServer] [                                        initialize,108] : Tomcat initialized with port(s): 8080 (http)
2021-06-30 09:19:59.283  INFO [  restartedMain] [        org.apache.coyote.http11.Http11NioProtocol] [                                               log,173] : Initializing ProtocolHandler ["http-nio-8080"]
2021-06-30 09:19:59.284  INFO [  restartedMain] [          org.apache.catalina.core.StandardService] [                                               log,173] : Starting service [Tomcat]
2021-06-30 09:19:59.284  INFO [  restartedMain] [           org.apache.catalina.core.StandardEngine] [                                               log,173] : Starting Servlet engine: [Apache Tomcat/9.0.41]
2021-06-30 09:19:59.339  INFO [  restartedMain] [ o.a.c.core.ContainerBase.[Tomcat].[localhost].[/]] [                                               log,173] : Initializing Spring embedded WebApplicationContext
2021-06-30 09:19:59.339  INFO [  restartedMain] [    o.s.b.w.s.c.ServletWebServerApplicationContext] [                      prepareWebApplicationContext,285] : Root WebApplicationContext: initialization completed in 713 ms
2021-06-30 09:19:59.461  INFO [  restartedMain] [  o.s.scheduling.concurrent.ThreadPoolTaskExecutor] [                                        initialize,181] : Initializing ExecutorService 'applicationTaskExecutor'
2021-06-30 09:19:59.557  INFO [  restartedMain] [    o.s.b.d.autoconfigure.OptionalLiveReloadServer] [                                       startServer,58] : LiveReload server is running on port 35729
2021-06-30 09:19:59.567  INFO [  restartedMain] [        org.apache.coyote.http11.Http11NioProtocol] [                                               log,173] : Starting ProtocolHandler ["http-nio-8080"]
2021-06-30 09:19:59.581  INFO [  restartedMain] [      o.s.boot.web.embedded.tomcat.TomcatWebServer] [                                             start,220] : Tomcat started on port(s): 8080 (http) with context path ''
2021-06-30 09:19:59.589  INFO [  restartedMain] [                     com.hot.dev.HotDevApplication] [                                        logStarted,61] : Started HotDevApplication in 1.387 seconds (JVM running for 1.938)
2021-06-30 09:20:12.178  INFO [  restartedMain] [                     com.hot.dev.HotDevApplication] [                                       logStarting,55] : Starting HotDevApplication on 2K30X873XY2ULWV with PID 2744 (H:\20200312springcloud\owlmail\owlmail-test\hot_devtools\target\classes started by Administrator in H:\20200312springcloud\owlmail)
2021-06-30 09:20:12.182  INFO [  restartedMain] [                     com.hot.dev.HotDevApplication] [                             logStartupProfileInfo,651] : No active profile set, falling back to default profiles: default
2021-06-30 09:20:12.223  INFO [  restartedMain] [ o.s.b.d.env.DevToolsPropertyDefaultsPostProcessor] [                                             logTo,225] : Devtools property defaults active! Set 'spring.devtools.add-properties' to 'false' to disable
2021-06-30 09:20:12.224  INFO [  restartedMain] [ o.s.b.d.env.DevToolsPropertyDefaultsPostProcessor] [                                             logTo,225] : For additional web related logging consider setting the 'logging.level.web' property to 'DEBUG'
2021-06-30 09:20:12.882  INFO [  restartedMain] [      o.s.boot.web.embedded.tomcat.TomcatWebServer] [                                        initialize,108] : Tomcat initialized with port(s): 8080 (http)
2021-06-30 09:20:12.892  INFO [  restartedMain] [        org.apache.coyote.http11.Http11NioProtocol] [                                               log,173] : Initializing ProtocolHandler ["http-nio-8080"]
2021-06-30 09:20:12.892  INFO [  restartedMain] [          org.apache.catalina.core.StandardService] [                                               log,173] : Starting service [Tomcat]
2021-06-30 09:20:12.892  INFO [  restartedMain] [           org.apache.catalina.core.StandardEngine] [                                               log,173] : Starting Servlet engine: [Apache Tomcat/9.0.41]
2021-06-30 09:20:12.942  INFO [  restartedMain] [ o.a.c.core.ContainerBase.[Tomcat].[localhost].[/]] [                                               log,173] : Initializing Spring embedded WebApplicationContext
2021-06-30 09:20:12.942  INFO [  restartedMain] [    o.s.b.w.s.c.ServletWebServerApplicationContext] [                      prepareWebApplicationContext,285] : Root WebApplicationContext: initialization completed in 717 ms
2021-06-30 09:20:13.062  INFO [  restartedMain] [  o.s.scheduling.concurrent.ThreadPoolTaskExecutor] [                                        initialize,181] : Initializing ExecutorService 'applicationTaskExecutor'
2021-06-30 09:20:13.162  INFO [  restartedMain] [    o.s.b.d.autoconfigure.OptionalLiveReloadServer] [                                       startServer,58] : LiveReload server is running on port 35729
2021-06-30 09:20:13.172  INFO [  restartedMain] [        org.apache.coyote.http11.Http11NioProtocol] [                                               log,173] : Starting ProtocolHandler ["http-nio-8080"]
2021-06-30 09:20:13.192  INFO [  restartedMain] [      o.s.boot.web.embedded.tomcat.TomcatWebServer] [                                             start,220] : Tomcat started on port(s): 8080 (http) with context path ''
2021-06-30 09:20:13.192  INFO [  restartedMain] [                     com.hot.dev.HotDevApplication] [                                        logStarted,61] : Started HotDevApplication in 1.425 seconds (JVM running for 1.946)
2021-06-30 09:20:26.460  INFO [  restartedMain] [                     com.hot.dev.HotDevApplication] [         logStarting,55] : Starting HotDevApplication on 2K30X873XY2ULWV with PID 2760 (H:\20200312springcloud\owlmail\owlmail-test\hot_devtools\target\classes started by Administrator in H:\20200312springcloud\owlmail)
2021-06-30 09:20:26.463  INFO [  restartedMain] [                     com.hot.dev.HotDevApplication] [logStartupProfileInfo,651] : No active profile set, falling back to default profiles: default
2021-06-30 09:20:26.506  INFO [  restartedMain] [ o.s.b.d.env.DevToolsPropertyDefaultsPostProcessor] [               logTo,225] : Devtools property defaults active! Set 'spring.devtools.add-properties' to 'false' to disable
2021-06-30 09:20:26.507  INFO [  restartedMain] [ o.s.b.d.env.DevToolsPropertyDefaultsPostProcessor] [               logTo,225] : For additional web related logging consider setting the 'logging.level.web' property to 'DEBUG'
2021-06-30 09:20:27.140  INFO [  restartedMain] [      o.s.boot.web.embedded.tomcat.TomcatWebServer] [          initialize,108] : Tomcat initialized with port(s): 8080 (http)
2021-06-30 09:20:27.146  INFO [  restartedMain] [        org.apache.coyote.http11.Http11NioProtocol] [                 log,173] : Initializing ProtocolHandler ["http-nio-8080"]
2021-06-30 09:20:27.147  INFO [  restartedMain] [          org.apache.catalina.core.StandardService] [                 log,173] : Starting service [Tomcat]
2021-06-30 09:20:27.147  INFO [  restartedMain] [           org.apache.catalina.core.StandardEngine] [                 log,173] : Starting Servlet engine: [Apache Tomcat/9.0.41]
2021-06-30 09:20:27.201  INFO [  restartedMain] [ o.a.c.core.ContainerBase.[Tomcat].[localhost].[/]] [                 log,173] : Initializing Spring embedded WebApplicationContext
2021-06-30 09:20:27.202  INFO [  restartedMain] [    o.s.b.w.s.c.ServletWebServerApplicationContext] [prepareWebApplicationContext,285] : Root WebApplicationContext: initialization completed in 694 ms
2021-06-30 09:20:27.320  INFO [  restartedMain] [  o.s.scheduling.concurrent.ThreadPoolTaskExecutor] [          initialize,181] : Initializing ExecutorService 'applicationTaskExecutor'
2021-06-30 09:20:27.414  INFO [  restartedMain] [    o.s.b.d.autoconfigure.OptionalLiveReloadServer] [         startServer,58] : LiveReload server is running on port 35729
2021-06-30 09:20:27.424  INFO [  restartedMain] [        org.apache.coyote.http11.Http11NioProtocol] [                 log,173] : Starting ProtocolHandler ["http-nio-8080"]
2021-06-30 09:20:27.439  INFO [  restartedMain] [      o.s.boot.web.embedded.tomcat.TomcatWebServer] [               start,220] : Tomcat started on port(s): 8080 (http) with context path ''
2021-06-30 09:20:27.447  INFO [  restartedMain] [                     com.hot.dev.HotDevApplication] [          logStarted,61] : Started HotDevApplication in 1.381 seconds (JVM running for 1.936)
2021-06-30 09:20:38.773  INFO [  restartedMain] [                     com.hot.dev.HotDevApplication] [                   logStarting,55] : Starting HotDevApplication on 2K30X873XY2ULWV with PID 8288 (H:\20200312springcloud\owlmail\owlmail-test\hot_devtools\target\classes started by Administrator in H:\20200312springcloud\owlmail)
2021-06-30 09:20:38.773  INFO [  restartedMain] [                     com.hot.dev.HotDevApplication] [         logStartupProfileInfo,651] : No active profile set, falling back to default profiles: default
2021-06-30 09:20:38.813  INFO [  restartedMain] [ o.s.b.d.env.DevToolsPropertyDefaultsPostProcessor] [                         logTo,225] : Devtools property defaults active! Set 'spring.devtools.add-properties' to 'false' to disable
2021-06-30 09:20:38.813  INFO [  restartedMain] [ o.s.b.d.env.DevToolsPropertyDefaultsPostProcessor] [                         logTo,225] : For additional web related logging consider setting the 'logging.level.web' property to 'DEBUG'
2021-06-30 09:20:39.433  INFO [  restartedMain] [      o.s.boot.web.embedded.tomcat.TomcatWebServer] [                    initialize,108] : Tomcat initialized with port(s): 8080 (http)
2021-06-30 09:20:39.443  INFO [  restartedMain] [        org.apache.coyote.http11.Http11NioProtocol] [                           log,173] : Initializing ProtocolHandler ["http-nio-8080"]
2021-06-30 09:20:39.443  INFO [  restartedMain] [          org.apache.catalina.core.StandardService] [                           log,173] : Starting service [Tomcat]
2021-06-30 09:20:39.443  INFO [  restartedMain] [           org.apache.catalina.core.StandardEngine] [                           log,173] : Starting Servlet engine: [Apache Tomcat/9.0.41]
2021-06-30 09:20:39.493  INFO [  restartedMain] [ o.a.c.core.ContainerBase.[Tomcat].[localhost].[/]] [                           log,173] : Initializing Spring embedded WebApplicationContext
2021-06-30 09:20:39.493  INFO [  restartedMain] [    o.s.b.w.s.c.ServletWebServerApplicationContext] [  prepareWebApplicationContext,285] : Root WebApplicationContext: initialization completed in 680 ms
2021-06-30 09:20:39.613  INFO [  restartedMain] [  o.s.scheduling.concurrent.ThreadPoolTaskExecutor] [                    initialize,181] : Initializing ExecutorService 'applicationTaskExecutor'
2021-06-30 09:20:39.703  INFO [  restartedMain] [    o.s.b.d.autoconfigure.OptionalLiveReloadServer] [                   startServer,58] : LiveReload server is running on port 35729
2021-06-30 09:20:39.713  INFO [  restartedMain] [        org.apache.coyote.http11.Http11NioProtocol] [                           log,173] : Starting ProtocolHandler ["http-nio-8080"]
2021-06-30 09:20:39.723  INFO [  restartedMain] [      o.s.boot.web.embedded.tomcat.TomcatWebServer] [                         start,220] : Tomcat started on port(s): 8080 (http) with context path ''
2021-06-30 09:20:39.733  INFO [  restartedMain] [                     com.hot.dev.HotDevApplication] [                    logStarted,61] : Started HotDevApplication in 1.369 seconds (JVM running for 1.892)
2021-06-30 09:21:21.924  INFO [  restartedMain] [                     com.hot.dev.HotDevApplication] [                   logStarting,   55] : Starting HotDevApplication on 2K30X873XY2ULWV with PID 3712 (H:\20200312springcloud\owlmail\owlmail-test\hot_devtools\target\classes started by Administrator in H:\20200312springcloud\owlmail)
2021-06-30 09:21:21.924  INFO [  restartedMain] [                     com.hot.dev.HotDevApplication] [         logStartupProfileInfo,  651] : No active profile set, falling back to default profiles: default
2021-06-30 09:21:21.964  INFO [  restartedMain] [ o.s.b.d.env.DevToolsPropertyDefaultsPostProcessor] [                         logTo,  225] : Devtools property defaults active! Set 'spring.devtools.add-properties' to 'false' to disable
2021-06-30 09:21:21.964  INFO [  restartedMain] [ o.s.b.d.env.DevToolsPropertyDefaultsPostProcessor] [                         logTo,  225] : For additional web related logging consider setting the 'logging.level.web' property to 'DEBUG'
2021-06-30 09:21:22.574  INFO [  restartedMain] [      o.s.boot.web.embedded.tomcat.TomcatWebServer] [                    initialize,  108] : Tomcat initialized with port(s): 8080 (http)
2021-06-30 09:21:22.584  INFO [  restartedMain] [        org.apache.coyote.http11.Http11NioProtocol] [                           log,  173] : Initializing ProtocolHandler ["http-nio-8080"]
2021-06-30 09:21:22.584  INFO [  restartedMain] [          org.apache.catalina.core.StandardService] [                           log,  173] : Starting service [Tomcat]
2021-06-30 09:21:22.584  INFO [  restartedMain] [           org.apache.catalina.core.StandardEngine] [                           log,  173] : Starting Servlet engine: [Apache Tomcat/9.0.41]
2021-06-30 09:21:22.634  INFO [  restartedMain] [ o.a.c.core.ContainerBase.[Tomcat].[localhost].[/]] [                           log,  173] : Initializing Spring embedded WebApplicationContext
2021-06-30 09:21:22.634  INFO [  restartedMain] [    o.s.b.w.s.c.ServletWebServerApplicationContext] [  prepareWebApplicationContext,  285] : Root WebApplicationContext: initialization completed in 670 ms
2021-06-30 09:21:22.764  INFO [  restartedMain] [  o.s.scheduling.concurrent.ThreadPoolTaskExecutor] [                    initialize,  181] : Initializing ExecutorService 'applicationTaskExecutor'
2021-06-30 09:21:22.854  INFO [  restartedMain] [    o.s.b.d.autoconfigure.OptionalLiveReloadServer] [                   startServer,   58] : LiveReload server is running on port 35729
2021-06-30 09:21:22.864  INFO [  restartedMain] [        org.apache.coyote.http11.Http11NioProtocol] [                           log,  173] : Starting ProtocolHandler ["http-nio-8080"]
2021-06-30 09:21:22.884  INFO [  restartedMain] [      o.s.boot.web.embedded.tomcat.TomcatWebServer] [                         start,  220] : Tomcat started on port(s): 8080 (http) with context path ''
2021-06-30 09:21:22.884  INFO [  restartedMain] [                     com.hot.dev.HotDevApplication] [                    logStarted,   61] : Started HotDevApplication in 1.344 seconds (JVM running for 1.903)
2021-06-30 09:24:17.851 | INFO  | 9112 | [restartedMain] | [com.hot.dev.HotDevApplication                     ] | -Starting HotDevApplication on 2K30X873XY2ULWV with PID 9112 (H:\20200312springcloud\owlmail\owlmail-test\hot_devtools\target\classes started by Administrator in H:\20200312springcloud\owlmail)
2021-06-30 09:24:17.851 | INFO  | 9112 | [restartedMain] | [com.hot.dev.HotDevApplication                     ] | -No active profile set, falling back to default profiles: default
2021-06-30 09:24:17.881 | INFO  | 9112 | [restartedMain] | [o.s.b.d.env.DevToolsPropertyDefaultsPostProcessor ] | -Devtools property defaults active! Set 'spring.devtools.add-properties' to 'false' to disable
2021-06-30 09:24:17.881 | INFO  | 9112 | [restartedMain] | [o.s.b.d.env.DevToolsPropertyDefaultsPostProcessor ] | -For additional web related logging consider setting the 'logging.level.web' property to 'DEBUG'
2021-06-30 09:24:18.521 | INFO  | 9112 | [restartedMain] | [o.s.boot.web.embedded.tomcat.TomcatWebServer      ] | -Tomcat initialized with port(s): 8080 (http)
2021-06-30 09:24:18.521 | INFO  | 9112 | [restartedMain] | [org.apache.coyote.http11.Http11NioProtocol        ] | -Initializing ProtocolHandler ["http-nio-8080"]
2021-06-30 09:24:18.521 | INFO  | 9112 | [restartedMain] | [org.apache.catalina.core.StandardService          ] | -Starting service [Tomcat]
2021-06-30 09:24:18.531 | INFO  | 9112 | [restartedMain] | [org.apache.catalina.core.StandardEngine           ] | -Starting Servlet engine: [Apache Tomcat/9.0.41]
2021-06-30 09:24:18.581 | INFO  | 9112 | [restartedMain] | [o.a.c.core.ContainerBase.[Tomcat].[localhost].[/] ] | -Initializing Spring embedded WebApplicationContext
2021-06-30 09:24:18.581 | INFO  | 9112 | [restartedMain] | [o.s.b.w.s.c.ServletWebServerApplicationContext    ] | -Root WebApplicationContext: initialization completed in 700 ms
2021-06-30 09:24:18.701 | INFO  | 9112 | [restartedMain] | [o.s.scheduling.concurrent.ThreadPoolTaskExecutor  ] | -Initializing ExecutorService 'applicationTaskExecutor'
2021-06-30 09:24:18.791 | INFO  | 9112 | [restartedMain] | [o.s.b.d.autoconfigure.OptionalLiveReloadServer    ] | -LiveReload server is running on port 35729
2021-06-30 09:24:18.801 | INFO  | 9112 | [restartedMain] | [org.apache.coyote.http11.Http11NioProtocol        ] | -Starting ProtocolHandler ["http-nio-8080"]
2021-06-30 09:24:18.811 | INFO  | 9112 | [restartedMain] | [o.s.boot.web.embedded.tomcat.TomcatWebServer      ] | -Tomcat started on port(s): 8080 (http) with context path ''
2021-06-30 09:24:18.821 | INFO  | 9112 | [restartedMain] | [com.hot.dev.HotDevApplication                     ] | -Started HotDevApplication in 1.356 seconds (JVM running for 1.876)
2021-06-30 09:26:04.524 | INFO  | 7380 | [restartedMain] | [com.hot.dev.HotDevApplication                     ] | -Starting HotDevApplication on 2K30X873XY2ULWV with PID 7380 (H:\20200312springcloud\owlmail\owlmail-test\hot_devtools\target\classes started by Administrator in H:\20200312springcloud\owlmail)
2021-06-30 09:26:04.534 | INFO  | 7380 | [restartedMain] | [com.hot.dev.HotDevApplication                     ] | -No active profile set, falling back to default profiles: default
2021-06-30 09:26:04.564 | INFO  | 7380 | [restartedMain] | [o.s.b.d.env.DevToolsPropertyDefaultsPostProcessor ] | -Devtools property defaults active! Set 'spring.devtools.add-properties' to 'false' to disable
2021-06-30 09:26:04.564 | INFO  | 7380 | [restartedMain] | [o.s.b.d.env.DevToolsPropertyDefaultsPostProcessor ] | -For additional web related logging consider setting the 'logging.level.web' property to 'DEBUG'
2021-06-30 09:26:05.224 | INFO  | 7380 | [restartedMain] | [o.s.boot.web.embedded.tomcat.TomcatWebServer      ] | -Tomcat initialized with port(s): 8080 (http)
2021-06-30 09:26:05.234 | INFO  | 7380 | [restartedMain] | [org.apache.coyote.http11.Http11NioProtocol        ] | -Initializing ProtocolHandler ["http-nio-8080"]
2021-06-30 09:26:05.234 | INFO  | 7380 | [restartedMain] | [org.apache.catalina.core.StandardService          ] | -Starting service [Tomcat]
2021-06-30 09:26:05.234 | INFO  | 7380 | [restartedMain] | [org.apache.catalina.core.StandardEngine           ] | -Starting Servlet engine: [Apache Tomcat/9.0.41]
2021-06-30 09:26:05.284 | INFO  | 7380 | [restartedMain] | [o.a.c.core.ContainerBase.[Tomcat].[localhost].[/] ] | -Initializing Spring embedded WebApplicationContext
2021-06-30 09:26:05.284 | INFO  | 7380 | [restartedMain] | [o.s.b.w.s.c.ServletWebServerApplicationContext    ] | -Root WebApplicationContext: initialization completed in 720 ms
2021-06-30 09:26:05.414 | INFO  | 7380 | [restartedMain] | [o.s.scheduling.concurrent.ThreadPoolTaskExecutor  ] | -Initializing ExecutorService 'applicationTaskExecutor'
2021-06-30 09:26:05.504 | INFO  | 7380 | [restartedMain] | [o.s.b.d.autoconfigure.OptionalLiveReloadServer    ] | -LiveReload server is running on port 35729
2021-06-30 09:26:05.514 | INFO  | 7380 | [restartedMain] | [org.apache.coyote.http11.Http11NioProtocol        ] | -Starting ProtocolHandler ["http-nio-8080"]
2021-06-30 09:26:05.534 | INFO  | 7380 | [restartedMain] | [o.s.boot.web.embedded.tomcat.TomcatWebServer      ] | -Tomcat started on port(s): 8080 (http) with context path ''
2021-06-30 09:26:05.534 | INFO  | 7380 | [restartedMain] | [com.hot.dev.HotDevApplication                     ] | -Started HotDevApplication in 1.393 seconds (JVM running for 1.941)
2021-06-30 09:26:41.692 | INFO  | 11140 | [restartedMain] | [com.hot.dev.HotDevApplication                     ] | -Starting HotDevApplication on 2K30X873XY2ULWV with PID 11140 (H:\20200312springcloud\owlmail\owlmail-test\hot_devtools\target\classes started by Administrator in H:\20200312springcloud\owlmail)
2021-06-30 09:26:41.692 | INFO  | 11140 | [restartedMain] | [com.hot.dev.HotDevApplication                     ] | -No active profile set, falling back to default profiles: default
2021-06-30 09:26:41.732 | INFO  | 11140 | [restartedMain] | [o.s.b.d.env.DevToolsPropertyDefaultsPostProcessor ] | -Devtools property defaults active! Set 'spring.devtools.add-properties' to 'false' to disable
2021-06-30 09:26:41.732 | INFO  | 11140 | [restartedMain] | [o.s.b.d.env.DevToolsPropertyDefaultsPostProcessor ] | -For additional web related logging consider setting the 'logging.level.web' property to 'DEBUG'
2021-06-30 09:26:42.442 | INFO  | 11140 | [restartedMain] | [o.s.boot.web.embedded.tomcat.TomcatWebServer      ] | -Tomcat initialized with port(s): 8080 (http)
2021-06-30 09:26:42.452 | INFO  | 11140 | [restartedMain] | [org.apache.coyote.http11.Http11NioProtocol        ] | -Initializing ProtocolHandler ["http-nio-8080"]
2021-06-30 09:26:42.452 | INFO  | 11140 | [restartedMain] | [org.apache.catalina.core.StandardService          ] | -Starting service [Tomcat]
2021-06-30 09:26:42.452 | INFO  | 11140 | [restartedMain] | [org.apache.catalina.core.StandardEngine           ] | -Starting Servlet engine: [Apache Tomcat/9.0.41]
2021-06-30 09:26:42.502 | INFO  | 11140 | [restartedMain] | [o.a.c.core.ContainerBase.[Tomcat].[localhost].[/] ] | -Initializing Spring embedded WebApplicationContext
2021-06-30 09:26:42.502 | INFO  | 11140 | [restartedMain] | [o.s.b.w.s.c.ServletWebServerApplicationContext    ] | -Root WebApplicationContext: initialization completed in 770 ms
2021-06-30 09:26:42.642 | INFO  | 11140 | [restartedMain] | [o.s.scheduling.concurrent.ThreadPoolTaskExecutor  ] | -Initializing ExecutorService 'applicationTaskExecutor'
2021-06-30 09:26:42.742 | INFO  | 11140 | [restartedMain] | [o.s.b.d.autoconfigure.OptionalLiveReloadServer    ] | -LiveReload server is running on port 35729
2021-06-30 09:26:42.762 | INFO  | 11140 | [restartedMain] | [org.apache.coyote.http11.Http11NioProtocol        ] | -Starting ProtocolHandler ["http-nio-8080"]
2021-06-30 09:26:42.772 | INFO  | 11140 | [restartedMain] | [o.s.boot.web.embedded.tomcat.TomcatWebServer      ] | -Tomcat started on port(s): 8080 (http) with context path ''
2021-06-30 09:26:42.782 | INFO  | 11140 | [restartedMain] | [com.hot.dev.HotDevApplication                     ] | -Started HotDevApplication in 1.471 seconds (JVM running for 1.996)
2021-06-30 09:27:08.746 | INFO  | 12636 | restartedMain | com.hot.dev.HotDevApplication                      | -Starting HotDevApplication on 2K30X873XY2ULWV with PID 12636 (H:\20200312springcloud\owlmail\owlmail-test\hot_devtools\target\classes started by Administrator in H:\20200312springcloud\owlmail)
2021-06-30 09:27:08.756 | INFO  | 12636 | restartedMain | com.hot.dev.HotDevApplication                      | -No active profile set, falling back to default profiles: default
2021-06-30 09:27:08.786 | INFO  | 12636 | restartedMain | o.s.b.d.env.DevToolsPropertyDefaultsPostProcessor  | -Devtools property defaults active! Set 'spring.devtools.add-properties' to 'false' to disable
2021-06-30 09:27:08.786 | INFO  | 12636 | restartedMain | o.s.b.d.env.DevToolsPropertyDefaultsPostProcessor  | -For additional web related logging consider setting the 'logging.level.web' property to 'DEBUG'
2021-06-30 09:27:09.416 | INFO  | 12636 | restartedMain | o.s.boot.web.embedded.tomcat.TomcatWebServer       | -Tomcat initialized with port(s): 8080 (http)
2021-06-30 09:27:09.426 | INFO  | 12636 | restartedMain | org.apache.coyote.http11.Http11NioProtocol         | -Initializing ProtocolHandler ["http-nio-8080"]
2021-06-30 09:27:09.426 | INFO  | 12636 | restartedMain | org.apache.catalina.core.StandardService           | -Starting service [Tomcat]
2021-06-30 09:27:09.426 | INFO  | 12636 | restartedMain | org.apache.catalina.core.StandardEngine            | -Starting Servlet engine: [Apache Tomcat/9.0.41]
2021-06-30 09:27:09.476 | INFO  | 12636 | restartedMain | o.a.c.core.ContainerBase.[Tomcat].[localhost].[/]  | -Initializing Spring embedded WebApplicationContext
2021-06-30 09:27:09.476 | INFO  | 12636 | restartedMain | o.s.b.w.s.c.ServletWebServerApplicationContext     | -Root WebApplicationContext: initialization completed in 690 ms
2021-06-30 09:27:09.585 | INFO  | 12636 | restartedMain | o.s.scheduling.concurrent.ThreadPoolTaskExecutor   | -Initializing ExecutorService 'applicationTaskExecutor'
2021-06-30 09:27:09.676 | INFO  | 12636 | restartedMain | o.s.b.d.autoconfigure.OptionalLiveReloadServer     | -LiveReload server is running on port 35729
2021-06-30 09:27:09.686 | INFO  | 12636 | restartedMain | org.apache.coyote.http11.Http11NioProtocol         | -Starting ProtocolHandler ["http-nio-8080"]
2021-06-30 09:27:09.706 | INFO  | 12636 | restartedMain | o.s.boot.web.embedded.tomcat.TomcatWebServer       | -Tomcat started on port(s): 8080 (http) with context path ''
2021-06-30 09:27:09.706 | INFO  | 12636 | restartedMain | com.hot.dev.HotDevApplication                      | -Started HotDevApplication in 1.348 seconds (JVM running for 1.866)
2021-06-30 09:27:44.142 | INFO  | 8216 | restartedMain | com.hot.dev.HotDevApplication                      | Starting HotDevApplication on 2K30X873XY2ULWV with PID 8216 (H:\20200312springcloud\owlmail\owlmail-test\hot_devtools\target\classes started by Administrator in H:\20200312springcloud\owlmail)
2021-06-30 09:27:44.142 | INFO  | 8216 | restartedMain | com.hot.dev.HotDevApplication                      | No active profile set, falling back to default profiles: default
2021-06-30 09:27:44.192 | INFO  | 8216 | restartedMain | o.s.b.d.env.DevToolsPropertyDefaultsPostProcessor  | Devtools property defaults active! Set 'spring.devtools.add-properties' to 'false' to disable
2021-06-30 09:27:44.192 | INFO  | 8216 | restartedMain | o.s.b.d.env.DevToolsPropertyDefaultsPostProcessor  | For additional web related logging consider setting the 'logging.level.web' property to 'DEBUG'
2021-06-30 09:27:44.822 | INFO  | 8216 | restartedMain | o.s.boot.web.embedded.tomcat.TomcatWebServer       | Tomcat initialized with port(s): 8080 (http)
2021-06-30 09:27:44.822 | INFO  | 8216 | restartedMain | org.apache.coyote.http11.Http11NioProtocol         | Initializing ProtocolHandler ["http-nio-8080"]
2021-06-30 09:27:44.832 | INFO  | 8216 | restartedMain | org.apache.catalina.core.StandardService           | Starting service [Tomcat]
2021-06-30 09:27:44.832 | INFO  | 8216 | restartedMain | org.apache.catalina.core.StandardEngine            | Starting Servlet engine: [Apache Tomcat/9.0.41]
2021-06-30 09:27:44.882 | INFO  | 8216 | restartedMain | o.a.c.core.ContainerBase.[Tomcat].[localhost].[/]  | Initializing Spring embedded WebApplicationContext
2021-06-30 09:27:44.882 | INFO  | 8216 | restartedMain | o.s.b.w.s.c.ServletWebServerApplicationContext     | Root WebApplicationContext: initialization completed in 690 ms
2021-06-30 09:27:45.002 | INFO  | 8216 | restartedMain | o.s.scheduling.concurrent.ThreadPoolTaskExecutor   | Initializing ExecutorService 'applicationTaskExecutor'
2021-06-30 09:27:45.092 | INFO  | 8216 | restartedMain | o.s.b.d.autoconfigure.OptionalLiveReloadServer     | LiveReload server is running on port 35729
2021-06-30 09:27:45.102 | INFO  | 8216 | restartedMain | org.apache.coyote.http11.Http11NioProtocol         | Starting ProtocolHandler ["http-nio-8080"]
2021-06-30 09:27:45.122 | INFO  | 8216 | restartedMain | o.s.boot.web.embedded.tomcat.TomcatWebServer       | Tomcat started on port(s): 8080 (http) with context path ''
2021-06-30 09:27:45.122 | INFO  | 8216 | restartedMain | com.hot.dev.HotDevApplication                      | Started HotDevApplication in 1.362 seconds (JVM running for 1.929)
